\BOOKMARK [1][-]{section.1}{\376\377\000I\000n\000s\000t\000r\000u\000k\000s\000i\000\040\000T\000u\000g\000a\000s}{}% 1
\BOOKMARK [2][-]{subsection.1.1}{\376\377\000P\000e\000r\000s\000i\000a\000p\000a\000n}{section.1}% 2
\BOOKMARK [2][-]{subsection.1.2}{\376\377\000B\000a\000g\000i\000a\000n\000\040\0001\000:\000\040\000M\000e\000m\000b\000u\000a\000t\000\040\000E\000n\000v\000i\000r\000o\000n\000m\000e\000n\000t\000\040\000P\000y\000t\000h\000o\000n}{section.1}% 3
\BOOKMARK [3][-]{subsubsection.1.2.1}{\376\377\000M\000e\000n\000g\000g\000u\000n\000a\000k\000a\000n\000\040\000u\000v}{subsection.1.2}% 4
\BOOKMARK [2][-]{subsection.1.3}{\376\377\000B\000a\000g\000i\000a\000n\000\040\0002\000:\000\040\000I\000n\000s\000t\000a\000l\000a\000s\000i\000\040\000L\000i\000b\000r\000a\000r\000y\000\040\000M\000u\000l\000t\000i\000m\000e\000d\000i\000a}{section.1}% 5
\BOOKMARK [3][-]{subsubsection.1.3.1}{\376\377\000L\000i\000b\000r\000a\000r\000y\000\040\000A\000u\000d\000i\000o\000\040\000P\000r\000o\000c\000e\000s\000s\000i\000n\000g}{subsection.1.3}% 6
\BOOKMARK [3][-]{subsubsection.1.3.2}{\376\377\000L\000i\000b\000r\000a\000r\000y\000\040\000I\000m\000a\000g\000e\000\040\000P\000r\000o\000c\000e\000s\000s\000i\000n\000g}{subsection.1.3}% 7
\BOOKMARK [3][-]{subsubsection.1.3.3}{\376\377\000L\000i\000b\000r\000a\000r\000y\000\040\000V\000i\000d\000e\000o\000\040\000P\000r\000o\000c\000e\000s\000s\000i\000n\000g}{subsection.1.3}% 8
\BOOKMARK [3][-]{subsubsection.1.3.4}{\376\377\000L\000i\000b\000r\000a\000r\000y\000\040\000G\000e\000n\000e\000r\000a\000l\000\040\000P\000u\000r\000p\000o\000s\000e}{subsection.1.3}% 9
\BOOKMARK [2][-]{subsection.1.4}{\376\377\000B\000a\000g\000i\000a\000n\000\040\0003\000:\000\040\000V\000e\000r\000i\000f\000i\000k\000a\000s\000i\000\040\000I\000n\000s\000t\000a\000l\000a\000s\000i}{section.1}% 10
\BOOKMARK [2][-]{subsection.1.5}{\376\377\000B\000a\000g\000i\000a\000n\000\040\0004\000:\000\040\000S\000i\000m\000p\000l\000e\000\040\000T\000e\000s\000t\000\040\000d\000e\000n\000g\000a\000n\000\040\000S\000a\000m\000p\000l\000e\000\040\000C\000o\000d\000e}{section.1}% 11
\BOOKMARK [3][-]{subsubsection.1.5.1}{\376\377\000T\000e\000s\000t\000\040\000A\000u\000d\000i\000o\000\040\000P\000r\000o\000c\000e\000s\000s\000i\000n\000g}{subsection.1.5}% 12
\BOOKMARK [3][-]{subsubsection.1.5.2}{\376\377\000T\000e\000s\000t\000\040\000I\000m\000a\000g\000e\000\040\000P\000r\000o\000c\000e\000s\000s\000i\000n\000g}{subsection.1.5}% 13
\BOOKMARK [1][-]{section.2}{\376\377\000B\000a\000g\000i\000a\000n\000\040\000L\000a\000p\000o\000r\000a\000n}{}% 14
\BOOKMARK [2][-]{subsection.2.1}{\376\377\000O\000u\000t\000p\000u\000t\000\040\000V\000e\000r\000i\000f\000i\000k\000a\000s\000i\000\040\000I\000n\000s\000t\000a\000l\000a\000s\000i}{section.2}% 15
\BOOKMARK [2][-]{subsection.2.2}{\376\377\000S\000c\000r\000e\000e\000n\000s\000h\000o\000t\000\040\000H\000a\000s\000i\000l\000\040\000T\000e\000s\000t}{section.2}% 16
\BOOKMARK [2][-]{subsection.2.3}{\376\377\000A\000n\000a\000l\000i\000s\000i\000s\000\040\000d\000a\000n\000\040\000R\000e\000f\000l\000e\000k\000s\000i}{section.2}% 17
\BOOKMARK [2][-]{subsection.2.4}{\376\377\000T\000r\000o\000u\000b\000l\000e\000s\000h\000o\000o\000t\000i\000n\000g}{section.2}% 18
\BOOKMARK [1][-]{section.3}{\376\377\000E\000x\000p\000o\000r\000t\000\040\000E\000n\000v\000i\000r\000o\000n\000m\000e\000n\000t\000\040\000u\000n\000t\000u\000k\000\040\000R\000e\000p\000r\000o\000d\000u\000k\000s\000i}{}% 19
\BOOKMARK [2][-]{subsection.3.1}{\376\377\000U\000n\000t\000u\000k\000\040\000v\000e\000n\000v\000/\000u\000v}{section.3}% 20
\BOOKMARK [1][-]{section.4}{\376\377\000K\000e\000s\000i\000m\000p\000u\000l\000a\000n}{}% 21
\BOOKMARK [1][-]{section.5}{\376\377\000R\000e\000f\000e\000r\000e\000n\000s\000i}{}% 22
